2024-12-24 14:13:10 INFO  Log:11 - =====================================loginTest TEST START=========================================
2024-12-24 14:13:10 INFO  Log:22 - User is going to click on SignIn
2024-12-24 14:13:12 INFO  Log:22 - Enter username and password
2024-12-24 14:13:15 INFO  Log:22 - Verifying if user is able to login successfully
2024-12-24 14:13:15 INFO  Log:22 - Login is success
2024-12-24 14:13:15 INFO  Log:15 - =====================================LoginTest TEST END=========================================
2024-12-25 23:47:15 INFO  Log:11 - =====================================LoginTest TEST START=========================================
2024-12-25 23:47:15 INFO  Log:22 - User is going to click on SignIn
2024-12-25 23:47:16 INFO  Log:22 - Enter username and password
2024-12-25 23:47:17 INFO  Log:22 - Verifying if user is able to login successfully
2024-12-25 23:47:24 INFO  Log:11 - =====================================LoginTest TEST START=========================================
2024-12-25 23:47:24 INFO  Log:22 - User is going to click on SignIn
2024-12-25 23:47:27 INFO  Log:22 - Enter username and password
2024-12-25 23:47:28 INFO  Log:22 - Verifying if user is able to login successfully
2024-12-25 23:58:36 INFO  Log:11 - =====================================LoginTest TEST START=========================================
2024-12-25 23:58:36 INFO  Log:22 - User is going to click on SignIn
2024-12-25 23:58:38 INFO  Log:22 - Enter username and password
2024-12-25 23:58:42 INFO  Log:22 - Verifying if user is able to login successfully
2024-12-25 23:58:42 INFO  Log:22 - Login is success
2024-12-25 23:58:42 INFO  Log:15 - =====================================LoginTest TEST END=========================================
2024-12-25 23:58:49 INFO  Log:11 - =====================================LoginTest TEST START=========================================
2024-12-25 23:58:49 INFO  Log:22 - User is going to click on SignIn
2024-12-25 23:58:52 INFO  Log:22 - Enter username and password
2024-12-25 23:58:54 INFO  Log:22 - Verifying if user is able to login successfully
2024-12-26 00:52:09 INFO  Log:11 - =====================================LoginTest TEST START=========================================
2024-12-26 00:52:09 INFO  Log:22 - User is going to click on SignIn
2024-12-26 00:52:10 INFO  Log:22 - Enter username and password
2024-12-26 00:52:14 INFO  Log:22 - Verifying if user is able to login successfully
2024-12-26 00:52:14 INFO  Log:22 - Login is success
2024-12-26 00:52:14 INFO  Log:15 - =====================================LoginTest TEST END=========================================
2024-12-26 00:52:19 INFO  Log:11 - =====================================LoginTest TEST START=========================================
2024-12-26 00:52:19 INFO  Log:22 - User is going to click on SignIn
2024-12-26 00:52:21 INFO  Log:22 - Enter username and password
2024-12-26 00:52:24 INFO  Log:22 - Verifying if user is able to login successfully
